<?xml version="1.0" encoding="UTF-8"?>
<testng-results skipped="0" failed="0" ignored="1" total="1" passed="0">
  <reporter-output>
  </reporter-output>
  <suite name="Suite1" duration-ms="321" started-at="2017-10-05T11:01:48Z" finished-at="2017-10-05T11:01:49Z">
    <groups>
    </groups>
    <test name="Test1" duration-ms="3" started-at="2017-10-05T11:01:48Z" finished-at="2017-10-05T11:01:48Z">
    </test> <!-- Test1 -->
    <test name="Test2" duration-ms="0" started-at="2017-10-05T11:01:49Z" finished-at="2017-10-05T11:01:49Z">
    </test> <!-- Test2 -->
  </suite> <!-- Suite1 -->
</testng-results>
